This is pdfTeX, Version 3.141592653-2.6-1.40.23 (TeX Live 2021/W32TeX) (preloaded format=pdflatex 2021.9.27)  25 FEB 2022 23:47
entering extended mode
 restricted \write18 enabled.
 %&-line parsing enabled.
**report.tex
(./report.tex
LaTeX2e <2021-06-01> patch level 1
L3 programming layer <2021-08-27>
(c:/texlive/2021/texmf-dist/tex/latex/base/article.cls
Document Class: article 2021/02/12 v1.4n Standard LaTeX document class
(c:/texlive/2021/texmf-dist/tex/latex/base/size12.clo
File: size12.clo 2021/02/12 v1.4n Standard LaTeX file (size option)
)
\c@part=\count182
\c@section=\count183
\c@subsection=\count184
\c@subsubsection=\count185
\c@paragraph=\count186
\c@subparagraph=\count187
\c@figure=\count188
\c@table=\count189
\abovecaptionskip=\skip47
\belowcaptionskip=\skip48
\bibindent=\dimen138
)
(c:/texlive/2021/texmf-dist/tex/latex/graphics/graphicx.sty
Package: graphicx 2020/12/05 v1.2c Enhanced LaTeX Graphics (DPC,SPQR)

(c:/texlive/2021/texmf-dist/tex/latex/graphics/keyval.sty
Package: keyval 2014/10/28 v1.15 key=value parser (DPC)
\KV@toks@=\toks16
)
(c:/texlive/2021/texmf-dist/tex/latex/graphics/graphics.sty
Package: graphics 2021/03/04 v1.4d Standard LaTeX Graphics (DPC,SPQR)

(c:/texlive/2021/texmf-dist/tex/latex/graphics/trig.sty
Package: trig 2016/01/03 v1.10 sin cos tan (DPC)
)
(c:/texlive/2021/texmf-dist/tex/latex/graphics-cfg/graphics.cfg
File: graphics.cfg 2016/06/04 v1.11 sample graphics configuration
)
Package graphics Info: Driver file: pdftex.def on input line 107.

(c:/texlive/2021/texmf-dist/tex/latex/graphics-def/pdftex.def
File: pdftex.def 2020/10/05 v1.2a Graphics/color driver for pdftex
))
\Gin@req@height=\dimen139
\Gin@req@width=\dimen140
)
(c:/texlive/2021/texmf-dist/tex/latex/float/float.sty
Package: float 2001/11/08 v1.3d Float enhancements (AL)
\c@float@type=\count190
\float@exts=\toks17
\float@box=\box50
\@float@everytoks=\toks18
\@floatcapt=\box51
)
(c:/texlive/2021/texmf-dist/tex/latex/l3backend/l3backend-pdftex.def
File: l3backend-pdftex.def 2021-08-04 L3 backend support: PDF output (pdfTeX)
\l__color_backend_stack_int=\count191
\l__pdf_internal_box=\box52
)
(./report.aux

LaTeX Warning: Label `mesh:fig1' multiply defined.


LaTeX Warning: Label `mesh:fig1' multiply defined.


LaTeX Warning: Label `mesh:fig1' multiply defined.


LaTeX Warning: Label `mesh:fig1' multiply defined.


LaTeX Warning: Label `mesh:fig1' multiply defined.


LaTeX Warning: Label `mesh:fig1' multiply defined.

)
\openout1 = `report.aux'.

LaTeX Font Info:    Checking defaults for OML/cmm/m/it on input line 6.
LaTeX Font Info:    ... okay on input line 6.
LaTeX Font Info:    Checking defaults for OMS/cmsy/m/n on input line 6.
LaTeX Font Info:    ... okay on input line 6.
LaTeX Font Info:    Checking defaults for OT1/cmr/m/n on input line 6.
LaTeX Font Info:    ... okay on input line 6.
LaTeX Font Info:    Checking defaults for T1/cmr/m/n on input line 6.
LaTeX Font Info:    ... okay on input line 6.
LaTeX Font Info:    Checking defaults for TS1/cmr/m/n on input line 6.
LaTeX Font Info:    ... okay on input line 6.
LaTeX Font Info:    Checking defaults for OMX/cmex/m/n on input line 6.
LaTeX Font Info:    ... okay on input line 6.
LaTeX Font Info:    Checking defaults for U/cmr/m/n on input line 6.
LaTeX Font Info:    ... okay on input line 6.
 (c:/texlive/2021/texmf-dist/tex/context/base/mkii/supp-pdf.mkii
[Loading MPS to PDF converter (version 2006.09.02).]
\scratchcounter=\count192
\scratchdimen=\dimen141
\scratchbox=\box53
\nofMPsegments=\count193
\nofMParguments=\count194
\everyMPshowfont=\toks19
\MPscratchCnt=\count195
\MPscratchDim=\dimen142
\MPnumerator=\count196
\makeMPintoPDFobject=\count197
\everyMPtoPDFconversion=\toks20
) (c:/texlive/2021/texmf-dist/tex/latex/epstopdf-pkg/epstopdf-base.sty
Package: epstopdf-base 2020-01-24 v2.11 Base part for package epstopdf
Package epstopdf-base Info: Redefining graphics rule for `.eps' on input line 4
85.

(c:/texlive/2021/texmf-dist/tex/latex/latexconfig/epstopdf-sys.cfg
File: epstopdf-sys.cfg 2010/07/13 v1.3 Configuration of (r)epstopdf for TeX Liv
e
))
LaTeX Font Info:    External font `cmex10' loaded for size
(Font)              <14.4> on input line 7.
LaTeX Font Info:    External font `cmex10' loaded for size
(Font)              <7> on input line 7.
<linearR (1).png, id=1, 578.16pt x 397.485pt>
File: linearR (1).png Graphic file (type png)
<use linearR (1).png>
Package pdftex.def Info: linearR (1).png  used on input line 16.
(pdftex.def)             Requested size: 390.0pt x 268.12097pt.
 [1

{c:/texlive/2021/texmf-var/fonts/map/pdftex/updmap/pdftex.map}] [2 <./linearR (
1).png>]
<linearR_withPoly.png, id=15, 578.16pt x 397.485pt>
File: linearR_withPoly.png Graphic file (type png)
<use linearR_withPoly.png>
Package pdftex.def Info: linearR_withPoly.png  used on input line 25.
(pdftex.def)             Requested size: 390.0pt x 268.12097pt.
[3 <./linearR_withPoly.png>]
File: linearR_withPoly.png Graphic file (type png)
<use linearR_withPoly.png>
Package pdftex.def Info: linearR_withPoly.png  used on input line 34.
(pdftex.def)             Requested size: 390.0pt x 268.12097pt.
 [4]
<svr_poly1.png, id=23, 578.16pt x 397.485pt>
File: svr_poly1.png Graphic file (type png)
<use svr_poly1.png>
Package pdftex.def Info: svr_poly1.png  used on input line 43.
(pdftex.def)             Requested size: 390.0pt x 268.12097pt.
 [5 <./svr_poly1.png>]
<rand_forest_reg (1).png, id=28, 578.16pt x 397.485pt>
File: rand_forest_reg (1).png Graphic file (type png)
<use rand_forest_reg (1).png>
Package pdftex.def Info: rand_forest_reg (1).png  used on input line 52.
(pdftex.def)             Requested size: 390.0pt x 268.12097pt.
 [6 <./rand_forest_reg (1).png>]
<comp_heatmap.png, id=33, 867.24pt x 433.62pt>
File: comp_heatmap.png Graphic file (type png)
<use comp_heatmap.png>
Package pdftex.def Info: comp_heatmap.png  used on input line 61.
(pdftex.def)             Requested size: 390.0pt x 195.00148pt.
<KNN_report.png, id=34, 413.1435pt x 184.2885pt>
File: KNN_report.png Graphic file (type png)
<use KNN_report.png>
Package pdftex.def Info: KNN_report.png  used on input line 69.
(pdftex.def)             Requested size: 195.0pt x 86.98116pt.
<matrics.png, id=35, 178.86826pt x 96.36pt>
File: matrics.png Graphic file (type png)
<use matrics.png>
Package pdftex.def Info: matrics.png  used on input line 74.
(pdftex.def)             Requested size: 117.00119pt x 63.03023pt.
 [7 <./comp_heatmap.png> <./KNN_report.png> <./matrics.png>]
<lmplot_bmi.png, id=43, 628.3475pt x 578.16pt>
File: lmplot_bmi.png Graphic file (type png)
<use lmplot_bmi.png>
Package pdftex.def Info: lmplot_bmi.png  used on input line 80.
(pdftex.def)             Requested size: 390.0pt x 358.84366pt.

Overfull \hbox (46.0414pt too wide) in paragraph at lines 84--85
\OT1/cmr/m/n/12 I used Kmeans for clus-ter-ing, which gave me com-plete-ness sc
ore = 0.9999999999999996
 []

[8 <./lmplot_bmi.png>] (./report.aux)

LaTeX Warning: There were multiply-defined labels.

 ) 
Here is how much of TeX's memory you used:
 1321 strings out of 478599
 20170 string characters out of 5858101
 312742 words of memory out of 5000000
 19234 multiletter control sequences out of 15000+600000
 406160 words of font info for 36 fonts, out of 8000000 for 9000
 1141 hyphenation exceptions out of 8191
 57i,7n,66p,295b,228s stack positions out of 5000i,500n,10000p,200000b,80000s
<c:/texlive/2021/texmf-dist/fonts/type1/public/amsfonts/cm/cmbx12.pfb><c:/tex
live/2021/texmf-dist/fonts/type1/public/amsfonts/cm/cmr12.pfb><c:/texlive/2021/
texmf-dist/fonts/type1/public/amsfonts/cm/cmr17.pfb>
Output written on report.pdf (8 pages, 180539 bytes).
PDF statistics:
 63 PDF objects out of 1000 (max. 8388607)
 30 compressed objects within 1 object stream
 0 named destinations out of 1000 (max. 500000)
 41 words of extra memory for PDF output out of 10000 (max. 10000000)

